<?xml version="1.0" encoding="UTF-8"?>
<!-- Generated by org.testng.reporters.JUnitReportReporter -->
<testsuite hostname="Laptop-PraphullG" failures="0" tests="3" name="testcases.LoginPagePOMTests" time="12.531" errors="0" timestamp="2021-11-19T17:42:16 IST" skipped="2">
  <testcase classname="testcases.LoginPagePOMTests" name="loginTest" time="12.531"/>
  <system-out/>
  <testcase classname="testcases.LoginPagePOMTests" name="verifyLoginLogoPF">
    <skipped/>
  </testcase> <!-- verifyLoginLogoPF -->
  <system-out/>
  <testcase classname="testcases.LoginPagePOMTests" name="verifyBotLogo">
    <skipped/>
  </testcase> <!-- verifyBotLogo -->
  <system-out/>
</testsuite> <!-- testcases.LoginPagePOMTests -->
