<?xml version="1.0" encoding="UTF-8"?>
<!-- Generated by org.testng.reporters.JUnitReportReporter -->
<testsuite hostname="Laptop-PraphullG" failures="0" tests="2" name="testcases.LoginTest" time="5.969" errors="0" timestamp="2021-11-18T18:02:34 IST" skipped="1">
  <testcase classname="testcases.LoginTest" name="doLogin" time="5.969"/>
  <system-out/>
  <testcase classname="testcases.LoginTest" name="demoTest">
    <skipped/>
  </testcase> <!-- demoTest -->
  <system-out/>
</testsuite> <!-- testcases.LoginTest -->
